/home/ubuntu/project_venv/lib/python3.10/site-packages/torchvision/io/image.py:13: UserWarning: Failed to load image Python extension: '/home/ubuntu/project_venv/lib/python3.10/site-packages/torchvision/image.so: undefined symbol: _ZN3c1017RegisterOperatorsD1Ev'If you don't plan on using image functionality from `torchvision.io`, you can ignore this warning. Otherwise, there might be something wrong with your environment. Did you have `libjpeg` or `libpng` installed before building `torchvision` from source?
  warn(
2025-07-08 14:24:59,122 - src.visualization.visualizer - INFO - Enhanced CircuitVisualizer initialized: visualizations
2025-07-08 14:24:59,122 - __main__ - INFO - Initialized ComprehensiveExperimentRunner: comprehensive_exp_20250708_142459
2025-07-08 14:24:59,122 - __main__ - INFO - Model: google/gemma-2-2b, Transcoders: gemma
2025-07-08 14:24:59,122 - __main__ - INFO - Output directory: comprehensive_experiment_results
2025-07-08 14:24:59,122 - __main__ - INFO - 🚀 Starting comprehensive experiment: comprehensive_exp_20250708_142459
2025-07-08 14:24:59,122 - __main__ - INFO - 🕐 Start time: 2025-07-08 14:24:59.122411
2025-07-08 14:24:59,122 - __main__ - INFO - ============================================================
2025-07-08 14:24:59,122 - __main__ - INFO - PHASE 1: MODEL INITIALIZATION AND VALIDATION
2025-07-08 14:24:59,122 - __main__ - INFO - ============================================================
2025-07-08 14:24:59,122 - __main__ - INFO - 🔧 Initializing models and components...
2025-07-08 14:25:00,073 - circuit_tracer.utils.hf_utils - INFO - Performing pre-flight metadata check...
2025-07-08 14:25:00,150 - circuit_tracer.utils.hf_utils - INFO - Pre-flight check complete. Starting downloads...
🚀 Starting Comprehensive Active Circuit Discovery Experiment
============================================================
🔧 Initializing RealCircuitTracer with google/gemma-2-2b + gemma
🔧 Initializing RealCircuitTracer with google/gemma-2-2b + gemma
📥 Loading google/gemma-2-2b with circuit-tracer and gemma transcoders...
Fetching 26 files:   0%|          | 0/26 [00:00<?, ?it/s]Fetching 26 files:   8%|▊         | 2/26 [00:00<00:01, 18.36it/s]Fetching 26 files:  46%|████▌     | 12/26 [00:00<00:00, 63.53it/s]Fetching 26 files:  77%|███████▋  | 20/26 [00:00<00:00, 70.25it/s]Fetching 26 files: 100%|██████████| 26/26 [00:00<00:00, 78.18it/s]
Loading checkpoint shards:   0%|          | 0/3 [00:00<?, ?it/s]Loading checkpoint shards:  33%|███▎      | 1/3 [00:00<00:00,  3.62it/s]Loading checkpoint shards:  67%|██████▋   | 2/3 [00:00<00:00,  3.53it/s]Loading checkpoint shards: 100%|██████████| 3/3 [00:00<00:00,  5.06it/s]
2025-07-08 14:25:19,474 - __main__ - INFO - ✅ Model inference test passed: logits shape torch.Size([1, 3, 256000]), activations shape torch.Size([26, 3, 16384])
2025-07-08 14:25:19,474 - src.active_inference.proper_agent - INFO - State space: [64, 4, 3], Observation space: [5, 3]
2025-07-08 14:25:19,484 - src.active_inference.proper_agent - INFO - Generative model created with proper A, B, C, D matrices
2025-07-08 14:25:19,484 - src.active_inference.proper_agent - INFO - Real pymdp Agent initialized with 9 policies
2025-07-08 14:25:19,485 - src.active_inference.proper_agent - INFO - ProperActiveInferenceAgent initialized with 9 policies
2025-07-08 14:25:19,485 - __main__ - INFO - ✅ ProperActiveInferenceAgent initialized with real pymdp
2025-07-08 14:25:19,485 - __main__ - INFO - 🎯 All components initialized successfully
2025-07-08 14:25:19,485 - __main__ - INFO - ============================================================
2025-07-08 14:25:19,485 - __main__ - INFO - PHASE 2: GOLDEN GATE BRIDGE SEMANTIC DISCOVERY
2025-07-08 14:25:19,485 - __main__ - INFO - ============================================================
2025-07-08 14:25:19,485 - __main__ - INFO - 🌉 Testing Golden Gate Bridge → San Francisco semantic discovery...
2025-07-08 14:25:19,485 - __main__ - INFO - Testing prompt 1/5: 'The Golden Gate Bridge is located in'
2025-07-08 14:25:19,578 - __main__ - INFO - ✅ Semantic discovery successful: San
2025-07-08 14:25:19,578 - __main__ - INFO - Testing prompt 2/5: 'San Francisco's most famous landmark is the'
2025-07-08 14:25:19,659 - __main__ - INFO - ❌ Semantic discovery failed
2025-07-08 14:25:19,659 - __main__ - INFO - Testing prompt 3/5: 'The iconic red bridge connecting San Francisco to Marin County is the'
2025-07-08 14:25:19,728 - __main__ - INFO - ❌ Semantic discovery failed
2025-07-08 14:25:19,729 - __main__ - INFO - Testing prompt 4/5: 'Visitors to the Golden Gate Bridge are in'
2025-07-08 14:25:19,797 - __main__ - INFO - ❌ Semantic discovery failed
2025-07-08 14:25:19,797 - __main__ - INFO - Testing prompt 5/5: 'The city famous for the Golden Gate Bridge is'
2025-07-08 14:25:19,865 - __main__ - INFO - ❌ Semantic discovery failed
2025-07-08 14:25:19,865 - __main__ - INFO - 🌉 Golden Gate results: 1/5 successful
2025-07-08 14:25:19,865 - __main__ - INFO - 🌉 Success rate: 20.0%
2025-07-08 14:25:19,865 - __main__ - INFO - 🌉 Average confidence: 0.128
2025-07-08 14:25:19,865 - __main__ - INFO - ============================================================
2025-07-08 14:25:19,865 - __main__ - INFO - PHASE 3: COMPREHENSIVE CIRCUIT DISCOVERY
2025-07-08 14:25:19,865 - __main__ - INFO - ============================================================
2025-07-08 14:25:19,865 - __main__ - INFO - 🔍 Running comprehensive circuit discovery...
2025-07-08 14:25:20,673 - circuit_tracer.utils.hf_utils - INFO - Performing pre-flight metadata check...
2025-07-08 14:25:20,748 - circuit_tracer.utils.hf_utils - INFO - Pre-flight check complete. Starting downloads...
Loaded pretrained model google/gemma-2-2b into HookedTransformer
✅ RealCircuitTracer initialized successfully!
   Model: google/gemma-2-2b
   Transcoders: gemma
   Layers: 26
   Features per layer: 16384
📥 Loading google/gemma-2-2b with circuit-tracer and gemma transcoders...
Fetching 26 files:   0%|          | 0/26 [00:00<?, ?it/s]Fetching 26 files:   4%|▍         | 1/26 [00:00<00:02,  8.86it/s]Fetching 26 files:  58%|█████▊    | 15/26 [00:00<00:00, 76.04it/s]Fetching 26 files: 100%|██████████| 26/26 [00:00<00:00, 84.59it/s]
Loading checkpoint shards:   0%|          | 0/3 [00:00<?, ?it/s]Loading checkpoint shards:  33%|███▎      | 1/3 [00:00<00:00,  3.64it/s]Loading checkpoint shards:  67%|██████▋   | 2/3 [00:00<00:00,  3.13it/s]Loading checkpoint shards: 100%|██████████| 3/3 [00:00<00:00,  4.59it/s]
2025-07-08 14:25:40,068 - src.active_inference.proper_agent - INFO - State space: [64, 4, 3], Observation space: [5, 3]
2025-07-08 14:25:40,077 - src.active_inference.proper_agent - INFO - Generative model created with proper A, B, C, D matrices
2025-07-08 14:25:40,078 - src.active_inference.proper_agent - INFO - Real pymdp Agent initialized with 9 policies
2025-07-08 14:25:40,078 - src.active_inference.proper_agent - INFO - ProperActiveInferenceAgent initialized with 9 policies
2025-07-08 14:25:40,078 - src.active_inference.proper_agent - INFO - Initializing AI agent from 4949 circuit features
2025-07-08 14:25:40,175 - src.active_inference.proper_agent - INFO - Selected intervention: InterventionType.ABLATION on feature 2
2025-07-08 14:25:40,423 - src.active_inference.proper_agent - INFO - Updating beliefs from intervention on feature 2
2025-07-08 14:25:40,523 - src.active_inference.proper_agent - INFO - AI agent updated beliefs and selected action: [0. 0. 0.]
2025-07-08 14:25:40,523 - __main__ - INFO - 🔍 Circuit discovery completed:
2025-07-08 14:25:40,523 - __main__ - INFO -    Features discovered: 4949
2025-07-08 14:25:40,523 - __main__ - INFO -    Interventions performed: 1
2025-07-08 14:25:40,523 - __main__ - INFO -    Convergence achieved: True
2025-07-08 14:25:40,523 - __main__ - INFO - ============================================================
2025-07-08 14:25:40,523 - __main__ - INFO - PHASE 4: ACTIVE INFERENCE ANALYSIS
2025-07-08 14:25:40,523 - __main__ - INFO - ============================================================
2025-07-08 14:25:40,524 - __main__ - INFO - 🧠 Analyzing Active Inference behavior...
2025-07-08 14:25:40,524 - __main__ - INFO - 🧠 Active Inference analysis completed
2025-07-08 14:25:40,524 - __main__ - INFO - ============================================================
2025-07-08 14:25:40,524 - __main__ - INFO - PHASE 5: RESEARCH QUESTION VALIDATION
2025-07-08 14:25:40,524 - __main__ - INFO - ============================================================
2025-07-08 14:25:40,524 - __main__ - INFO - 📊 Validating RQ1: AI-Circuit correspondence...
2025-07-08 14:25:40,524 - src.core.metrics - WARNING - Empty data for belief_updating correspondence
2025-07-08 14:25:40,524 - __main__ - ERROR - ❌ Experiment failed: object of type 'BeliefState' has no len()
Traceback (most recent call last):
  File "/home/ubuntu/ActiveCIrcuitDiscovery/run_comprehensive_experiment.py", line 230, in run_comprehensive_experiment
    rq1_results = await self.validate_rq1_correspondence()
  File "/home/ubuntu/ActiveCIrcuitDiscovery/run_comprehensive_experiment.py", line 513, in validate_rq1_correspondence
    precision_weighting = calc._calculate_precision_weighting_correspondence(
  File "/home/ubuntu/ActiveCIrcuitDiscovery/src/core/metrics.py", line 136, in _calculate_precision_weighting_correspondence
    return self._calculate_bounded_correspondence(ai_precision, circuit_attention, "precision_weighting")
  File "/home/ubuntu/ActiveCIrcuitDiscovery/src/core/metrics.py", line 146, in _calculate_bounded_correspondence
    if len(x) == 0 or len(y) == 0:
TypeError: object of type 'BeliefState' has no len()
2025-07-08 14:25:40,524 - __main__ - ERROR - Experiment failed: object of type 'BeliefState' has no len()
Traceback (most recent call last):
  File "/home/ubuntu/ActiveCIrcuitDiscovery/run_comprehensive_experiment.py", line 1276, in main
    result = await runner.run_comprehensive_experiment()
  File "/home/ubuntu/ActiveCIrcuitDiscovery/run_comprehensive_experiment.py", line 296, in run_comprehensive_experiment
    raise e
  File "/home/ubuntu/ActiveCIrcuitDiscovery/run_comprehensive_experiment.py", line 230, in run_comprehensive_experiment
    rq1_results = await self.validate_rq1_correspondence()
  File "/home/ubuntu/ActiveCIrcuitDiscovery/run_comprehensive_experiment.py", line 513, in validate_rq1_correspondence
    precision_weighting = calc._calculate_precision_weighting_correspondence(
  File "/home/ubuntu/ActiveCIrcuitDiscovery/src/core/metrics.py", line 136, in _calculate_precision_weighting_correspondence
    return self._calculate_bounded_correspondence(ai_precision, circuit_attention, "precision_weighting")
  File "/home/ubuntu/ActiveCIrcuitDiscovery/src/core/metrics.py", line 146, in _calculate_bounded_correspondence
    if len(x) == 0 or len(y) == 0:
TypeError: object of type 'BeliefState' has no len()
Loaded pretrained model google/gemma-2-2b into HookedTransformer
✅ RealCircuitTracer initialized successfully!
   Model: google/gemma-2-2b
   Transcoders: gemma
   Layers: 26
   Features per layer: 16384
🔍 Discovering transcoder features across 26 layers for: 'The Golden Gate Bridge is located in...'
✅ Discovered 4949 active transcoder features
🎯 Intervening on Layer 0 Feature 2 (ablation)
📊 Baseline: 'San' → Modified: 'San'
📊 Effect magnitude: 0.0000
✅ Intervention minimal effect
Traceback (most recent call last):
  File "/home/ubuntu/ActiveCIrcuitDiscovery/run_comprehensive_experiment.py", line 1286, in <module>
    result = asyncio.run(main())
  File "/usr/lib/python3.10/asyncio/runners.py", line 44, in run
    return loop.run_until_complete(main)
  File "/usr/lib/python3.10/asyncio/base_events.py", line 649, in run_until_complete
    return future.result()
  File "/home/ubuntu/ActiveCIrcuitDiscovery/run_comprehensive_experiment.py", line 1276, in main
    result = await runner.run_comprehensive_experiment()
  File "/home/ubuntu/ActiveCIrcuitDiscovery/run_comprehensive_experiment.py", line 296, in run_comprehensive_experiment
    raise e
  File "/home/ubuntu/ActiveCIrcuitDiscovery/run_comprehensive_experiment.py", line 230, in run_comprehensive_experiment
    rq1_results = await self.validate_rq1_correspondence()
  File "/home/ubuntu/ActiveCIrcuitDiscovery/run_comprehensive_experiment.py", line 513, in validate_rq1_correspondence
    precision_weighting = calc._calculate_precision_weighting_correspondence(
  File "/home/ubuntu/ActiveCIrcuitDiscovery/src/core/metrics.py", line 136, in _calculate_precision_weighting_correspondence
    return self._calculate_bounded_correspondence(ai_precision, circuit_attention, "precision_weighting")
  File "/home/ubuntu/ActiveCIrcuitDiscovery/src/core/metrics.py", line 146, in _calculate_bounded_correspondence
    if len(x) == 0 or len(y) == 0:
TypeError: object of type 'BeliefState' has no len()
