2025-07-09 15:20:52,891 - src.visualization.visualizer - INFO - Enhanced CircuitVisualizer initialized: visualizations
2025-07-09 15:20:52,892 - __main__ - INFO - Initialized ComprehensiveExperimentRunner: comprehensive_exp_20250709_152052
2025-07-09 15:20:52,892 - __main__ - INFO - Model: google/gemma-2-2b, Transcoders: gemma
2025-07-09 15:20:52,892 - __main__ - INFO - Output directory: results/results_20250709_152052
2025-07-09 15:20:52,892 - __main__ - INFO - 🚀 Starting comprehensive experiment: comprehensive_exp_20250709_152052
2025-07-09 15:20:52,892 - __main__ - INFO - 🕐 Start time: 2025-07-09 15:20:52.892121
2025-07-09 15:20:52,892 - __main__ - INFO - ============================================================
2025-07-09 15:20:52,892 - __main__ - INFO - PHASE 1: MODEL INITIALIZATION AND VALIDATION
2025-07-09 15:20:52,892 - __main__ - INFO - ============================================================
2025-07-09 15:20:52,892 - __main__ - INFO - 🔧 Initializing models and components...
2025-07-09 15:20:53,847 - circuit_tracer.utils.hf_utils - INFO - Performing pre-flight metadata check...
2025-07-09 15:20:53,914 - circuit_tracer.utils.hf_utils - INFO - Pre-flight check complete. Starting downloads...
2025-07-09 15:21:13,248 - __main__ - INFO - ✅ Model inference test passed: logits shape torch.Size([1, 3, 256000]), activations shape torch.Size([26, 3, 16384])
2025-07-09 15:21:13,248 - src.active_inference.proper_agent - INFO - State space: [64, 4, 3], Observation space: [5, 3]
2025-07-09 15:21:13,259 - src.active_inference.proper_agent - INFO - Generative model created with proper A, B, C, D matrices
2025-07-09 15:21:13,259 - src.active_inference.proper_agent - INFO - Real pymdp Agent initialized with 9 policies
2025-07-09 15:21:13,259 - src.active_inference.proper_agent - INFO - ProperActiveInferenceAgent initialized with 9 policies
2025-07-09 15:21:13,259 - __main__ - INFO - ✅ ProperActiveInferenceAgent initialized with real pymdp
2025-07-09 15:21:13,259 - __main__ - INFO - 🎯 All components initialized successfully
2025-07-09 15:21:13,259 - __main__ - INFO - ============================================================
2025-07-09 15:21:13,259 - __main__ - INFO - PHASE 2: GOLDEN GATE BRIDGE SEMANTIC DISCOVERY
2025-07-09 15:21:13,259 - __main__ - INFO - ============================================================
2025-07-09 15:21:13,259 - __main__ - INFO - 🌉 Testing Golden Gate Bridge → San Francisco semantic discovery...
2025-07-09 15:21:13,259 - __main__ - INFO - Testing prompt 1/5: 'The Golden Gate Bridge is located in'
2025-07-09 15:21:13,365 - __main__ - INFO - ✅ Semantic discovery successful: San
2025-07-09 15:21:13,365 - __main__ - INFO - Testing prompt 2/5: 'San Francisco's most famous landmark is the'
2025-07-09 15:21:13,454 - __main__ - INFO - ❌ Semantic discovery failed
2025-07-09 15:21:13,454 - __main__ - INFO - Testing prompt 3/5: 'The iconic red bridge connecting San Francisco to Marin County is the'
2025-07-09 15:21:13,537 - __main__ - INFO - ❌ Semantic discovery failed
2025-07-09 15:21:13,537 - __main__ - INFO - Testing prompt 4/5: 'Visitors to the Golden Gate Bridge are in'
2025-07-09 15:21:13,613 - __main__ - INFO - ❌ Semantic discovery failed
2025-07-09 15:21:13,613 - __main__ - INFO - Testing prompt 5/5: 'The city famous for the Golden Gate Bridge is'
2025-07-09 15:21:13,689 - __main__ - INFO - ❌ Semantic discovery failed
2025-07-09 15:21:13,689 - __main__ - INFO - 🌉 Golden Gate results: 1/5 successful
2025-07-09 15:21:13,689 - __main__ - INFO - 🌉 Success rate: 20.0%
2025-07-09 15:21:13,690 - __main__ - INFO - 🌉 Average confidence: 0.128
2025-07-09 15:21:13,690 - __main__ - INFO - ============================================================
2025-07-09 15:21:13,690 - __main__ - INFO - PHASE 3: COMPREHENSIVE CIRCUIT DISCOVERY
2025-07-09 15:21:13,690 - __main__ - INFO - ============================================================
2025-07-09 15:21:13,690 - __main__ - INFO - 🔍 Running comprehensive circuit discovery...
2025-07-09 15:21:14,409 - circuit_tracer.utils.hf_utils - INFO - Performing pre-flight metadata check...
2025-07-09 15:21:14,505 - circuit_tracer.utils.hf_utils - INFO - Pre-flight check complete. Starting downloads...
2025-07-09 15:21:33,706 - src.active_inference.strategy_learning_agent - INFO - Strategy space: [12, 3, 4], Observation space: [5, 3]
2025-07-09 15:21:33,706 - src.active_inference.strategy_learning_agent - INFO - Total strategies: 144
2025-07-09 15:21:33,708 - src.active_inference.strategy_learning_agent - INFO - Strategy generative model created
2025-07-09 15:21:33,708 - src.active_inference.strategy_learning_agent - INFO - Strategy agent initialized with 9 policies
2025-07-09 15:21:33,709 - src.active_inference.strategy_learning_agent - INFO - StrategyLearningAgent initialized for 144 strategies
2025-07-09 15:21:33,709 - src.active_inference.strategy_learning_agent - INFO - Initializing strategy learning from 4949 features
2025-07-09 15:21:33,709 - src.active_inference.strategy_learning_agent - INFO - Strategy learning initialized from circuit features
2025-07-09 15:21:33,733 - src.active_inference.strategy_learning_agent - INFO - Selected strategy: InterventionType.ABLATION on layer 0
2025-07-09 15:21:34,007 - src.active_inference.strategy_learning_agent - INFO - Updated strategy beliefs from intervention
2025-07-09 15:21:34,007 - src.active_inference.strategy_learning_agent - WARNING - Feature confidence calculation failed: matmul: Input operand 0 does not have enough dimensions (has 0, gufunc core with signature (n?,k),(k,m?)->(n?,m?) requires 1)
2025-07-09 15:21:34,028 - src.active_inference.strategy_learning_agent - INFO - Selected strategy: InterventionType.ABLATION on layer 0
2025-07-09 15:21:34,257 - src.active_inference.strategy_learning_agent - INFO - Updated strategy beliefs from intervention
2025-07-09 15:21:34,257 - src.active_inference.strategy_learning_agent - WARNING - Feature confidence calculation failed: matmul: Input operand 0 does not have enough dimensions (has 0, gufunc core with signature (n?,k),(k,m?)->(n?,m?) requires 1)
2025-07-09 15:21:34,278 - src.active_inference.strategy_learning_agent - INFO - Selected strategy: InterventionType.ABLATION on layer 0
2025-07-09 15:21:34,508 - src.active_inference.strategy_learning_agent - INFO - Updated strategy beliefs from intervention
2025-07-09 15:21:34,508 - src.active_inference.strategy_learning_agent - WARNING - Feature confidence calculation failed: matmul: Input operand 0 does not have enough dimensions (has 0, gufunc core with signature (n?,k),(k,m?)->(n?,m?) requires 1)
2025-07-09 15:21:34,529 - src.active_inference.strategy_learning_agent - INFO - Selected strategy: InterventionType.ABLATION on layer 0
2025-07-09 15:21:34,759 - src.active_inference.strategy_learning_agent - INFO - Updated strategy beliefs from intervention
2025-07-09 15:21:34,759 - src.active_inference.strategy_learning_agent - WARNING - Feature confidence calculation failed: matmul: Input operand 0 does not have enough dimensions (has 0, gufunc core with signature (n?,k),(k,m?)->(n?,m?) requires 1)
2025-07-09 15:21:34,780 - src.active_inference.strategy_learning_agent - INFO - Selected strategy: InterventionType.ABLATION on layer 0
2025-07-09 15:21:35,005 - src.active_inference.strategy_learning_agent - INFO - Updated strategy beliefs from intervention
2025-07-09 15:21:35,006 - src.active_inference.strategy_learning_agent - WARNING - Feature confidence calculation failed: matmul: Input operand 0 does not have enough dimensions (has 0, gufunc core with signature (n?,k),(k,m?)->(n?,m?) requires 1)
2025-07-09 15:21:35,027 - src.active_inference.strategy_learning_agent - INFO - Selected strategy: InterventionType.ABLATION on layer 0
2025-07-09 15:21:35,254 - src.active_inference.strategy_learning_agent - INFO - Updated strategy beliefs from intervention
2025-07-09 15:21:35,254 - src.active_inference.strategy_learning_agent - WARNING - Feature confidence calculation failed: matmul: Input operand 0 does not have enough dimensions (has 0, gufunc core with signature (n?,k),(k,m?)->(n?,m?) requires 1)
2025-07-09 15:21:35,275 - src.active_inference.strategy_learning_agent - INFO - Selected strategy: InterventionType.ABLATION on layer 0
2025-07-09 15:21:35,506 - src.active_inference.strategy_learning_agent - INFO - Updated strategy beliefs from intervention
2025-07-09 15:21:35,506 - src.active_inference.strategy_learning_agent - WARNING - Feature confidence calculation failed: matmul: Input operand 0 does not have enough dimensions (has 0, gufunc core with signature (n?,k),(k,m?)->(n?,m?) requires 1)
2025-07-09 15:21:35,527 - src.active_inference.strategy_learning_agent - INFO - Selected strategy: InterventionType.ABLATION on layer 0
2025-07-09 15:21:35,757 - src.active_inference.strategy_learning_agent - INFO - Updated strategy beliefs from intervention
2025-07-09 15:21:35,757 - src.active_inference.strategy_learning_agent - WARNING - Feature confidence calculation failed: matmul: Input operand 0 does not have enough dimensions (has 0, gufunc core with signature (n?,k),(k,m?)->(n?,m?) requires 1)
2025-07-09 15:21:35,778 - src.active_inference.strategy_learning_agent - INFO - Selected strategy: InterventionType.ABLATION on layer 0
2025-07-09 15:21:36,004 - src.active_inference.strategy_learning_agent - INFO - Updated strategy beliefs from intervention
2025-07-09 15:21:36,004 - src.active_inference.strategy_learning_agent - WARNING - Feature confidence calculation failed: matmul: Input operand 0 does not have enough dimensions (has 0, gufunc core with signature (n?,k),(k,m?)->(n?,m?) requires 1)
2025-07-09 15:21:36,026 - src.active_inference.strategy_learning_agent - INFO - Selected strategy: InterventionType.ABLATION on layer 0
2025-07-09 15:21:36,259 - src.active_inference.strategy_learning_agent - INFO - Updated strategy beliefs from intervention
2025-07-09 15:21:36,259 - src.active_inference.strategy_learning_agent - WARNING - Feature confidence calculation failed: matmul: Input operand 0 does not have enough dimensions (has 0, gufunc core with signature (n?,k),(k,m?)->(n?,m?) requires 1)
2025-07-09 15:21:36,259 - src.active_inference.strategy_learning_agent - INFO - Strategy learning converged: avg change 0.0057
2025-07-09 15:21:36,280 - src.active_inference.strategy_learning_agent - INFO - Selected strategy: InterventionType.ABLATION on layer 0
2025-07-09 15:21:36,509 - src.active_inference.strategy_learning_agent - INFO - Updated strategy beliefs from intervention
2025-07-09 15:21:36,509 - src.active_inference.strategy_learning_agent - WARNING - Feature confidence calculation failed: matmul: Input operand 0 does not have enough dimensions (has 0, gufunc core with signature (n?,k),(k,m?)->(n?,m?) requires 1)
2025-07-09 15:21:36,509 - src.core.metrics - INFO - Calculating correspondence metrics with proper bounds
2025-07-09 15:21:36,525 - src.core.metrics - WARNING - Zero variance in belief_updating data
2025-07-09 15:21:36,525 - src.core.metrics - WARNING - Zero variance in precision_weighting data
2025-07-09 15:21:36,525 - src.core.metrics - WARNING - Zero variance in prediction_error data
2025-07-09 15:21:36,525 - src.active_inference.strategy_learning_agent - INFO - Generated 3 strategy predictions
2025-07-09 15:21:36,526 - src.active_inference.strategy_learning_agent - INFO - Strategy learning converged: avg change 0.0050
2025-07-09 15:21:36,526 - src.active_inference.strategy_learning_agent - INFO - Strategy learning converged: avg change 0.0050
2025-07-09 15:21:36,526 - __main__ - INFO - 🔍 Circuit discovery completed:
2025-07-09 15:21:36,526 - __main__ - INFO -    Features discovered: 4949
2025-07-09 15:21:36,526 - __main__ - INFO -    Interventions performed: 11
2025-07-09 15:21:36,526 - __main__ - INFO -    Convergence achieved: True
2025-07-09 15:21:36,526 - __main__ - INFO - ============================================================
2025-07-09 15:21:36,526 - __main__ - INFO - PHASE 4: ACTIVE INFERENCE ANALYSIS
2025-07-09 15:21:36,526 - __main__ - INFO - ============================================================
2025-07-09 15:21:36,526 - __main__ - INFO - 🧠 Analyzing Active Inference behavior...
2025-07-09 15:21:36,527 - __main__ - INFO - 🧠 Active Inference analysis completed
2025-07-09 15:21:36,527 - __main__ - INFO - ============================================================
2025-07-09 15:21:36,527 - __main__ - INFO - PHASE 5: RESEARCH QUESTION VALIDATION
2025-07-09 15:21:36,527 - __main__ - INFO - ============================================================
2025-07-09 15:21:36,527 - __main__ - INFO - 📊 Validating RQ1: AI-Circuit correspondence...
2025-07-09 15:21:36,527 - src.core.metrics - WARNING - Zero variance in belief_updating data
2025-07-09 15:21:36,527 - src.core.metrics - WARNING - Zero variance in precision_weighting data
2025-07-09 15:21:36,538 - src.core.metrics - WARNING - Zero variance in prediction_error data
2025-07-09 15:21:36,539 - src.core.statistical_validation - INFO - Testing correspondence significance against 70.0% threshold
2025-07-09 15:21:36,541 - src.core.statistical_validation - INFO - Correspondence test: Correspondence (0.0%) does not significantly exceed 70.0% threshold (p=nan, d=nan)
2025-07-09 15:21:36,541 - __main__ - INFO - 📊 RQ1 Results: 0.0% (FAILED)
2025-07-09 15:21:36,541 - __main__ - INFO - ⚡ Validating RQ2: Intervention efficiency...
2025-07-09 15:21:36,541 - __main__ - INFO - ⚡ RQ2 Results: 20.0% improvement (FAILED)
2025-07-09 15:21:36,542 - __main__ - INFO - 🔮 Validating RQ3: Novel prediction generation...
2025-07-09 15:21:36,542 - src.active_inference.strategy_learning_agent - INFO - Generated 3 strategy predictions
2025-07-09 15:21:36,542 - src.core.prediction_system - INFO - Generating enhanced circuit predictions for RQ3 validation
2025-07-09 15:21:36,542 - src.core.prediction_system - WARNING - Error in FeatureInteractionPredictor: NovelPrediction.__init__() missing 1 required positional argument: 'expected_outcome'
2025-07-09 15:21:36,543 - src.core.prediction_system - INFO - Generated 4 total predictions with average confidence 0.700
2025-07-09 15:21:36,543 - __main__ - INFO - 🔮 RQ3 Results: 2 predictions (FAILED)
2025-07-09 15:21:36,543 - __main__ - INFO - ============================================================
2025-07-09 15:21:36,543 - __main__ - INFO - PHASE 6: STATISTICAL VALIDATION
2025-07-09 15:21:36,543 - __main__ - INFO - ============================================================
2025-07-09 15:21:36,543 - __main__ - INFO - 📈 Running statistical validation...
2025-07-09 15:21:36,543 - __main__ - INFO - 📈 Statistical validation completed
2025-07-09 15:21:36,543 - __main__ - INFO - ============================================================
2025-07-09 15:21:36,543 - __main__ - INFO - PHASE 7: CIRCUIT ANALYSIS AND VISUALIZATION
2025-07-09 15:21:36,543 - __main__ - INFO - ============================================================
2025-07-09 15:21:36,543 - __main__ - INFO - 🔗 Analyzing circuit structure...
