2025-06-14 21:41:13,526 - __main__ - INFO - 🚀 Starting Complete ActiveCircuitDiscovery Experiment
2025-06-14 21:41:16,342 - datasets - INFO - PyTorch version 2.5.1+cu121 available.
2025-06-14 21:41:18,640 - __main__ - INFO - Initializing complete experiment runner...
2025-06-14 21:41:18,641 - experiments.runner - INFO - Enhanced YorKExperimentRunner initialized: golden_gate_bridge_discovery
2025-06-14 21:41:18,641 - __main__ - INFO - Setting up complete experiment components...
2025-06-14 21:41:18,641 - experiments.runner - INFO - Setting up enhanced experiment components...
2025-06-14 21:41:18,641 - circuit_analysis.tracer - INFO - Initializing CircuitTracer for gpt2-small on cuda
2025-06-14 21:41:19,634 - circuit_analysis.tracer - INFO - Loaded gpt2-small successfully
2025-06-14 21:41:19,634 - circuit_analysis.tracer - INFO - Auto-discovering active layers...
2025-06-14 21:41:19,835 - circuit_analysis.tracer - INFO - Layer activities: {0: 8.980546315511068, 1: 78.60323333740234, 2: 1207.8972981770833, 3: 1401.54296875, 4: 1561.6094970703125, 5: 1666.7802734375, 6: 1733.0552978515625, 7: 1776.007080078125, 8: 1806.1610107421875, 9: 1830.2920735677083, 10: 1884.1497802734375, 11: 248.03597513834634}
2025-06-14 21:41:19,836 - circuit_analysis.tracer - INFO - Selected 6 most active layers: [5, 6, 7, 8, 9, 10]
2025-06-14 21:41:19,836 - circuit_analysis.tracer - INFO - Auto-discovered layers: [5, 6, 7, 8, 9, 10]
2025-06-14 21:41:19,836 - circuit_analysis.tracer - WARNING - Could not load SAE for layer 5: SAE.from_pretrained() missing 1 required positional argument: 'sae_id'
2025-06-14 21:41:19,837 - circuit_analysis.tracer - INFO - Created fallback SAE analyzer for layer 5
2025-06-14 21:41:19,837 - circuit_analysis.tracer - WARNING - Could not load SAE for layer 6: SAE.from_pretrained() missing 1 required positional argument: 'sae_id'
2025-06-14 21:41:19,838 - circuit_analysis.tracer - INFO - Created fallback SAE analyzer for layer 6
2025-06-14 21:41:19,838 - circuit_analysis.tracer - WARNING - Could not load SAE for layer 7: SAE.from_pretrained() missing 1 required positional argument: 'sae_id'
2025-06-14 21:41:19,838 - circuit_analysis.tracer - INFO - Created fallback SAE analyzer for layer 7
2025-06-14 21:41:19,838 - circuit_analysis.tracer - WARNING - Could not load SAE for layer 8: SAE.from_pretrained() missing 1 required positional argument: 'sae_id'
2025-06-14 21:41:19,838 - circuit_analysis.tracer - INFO - Created fallback SAE analyzer for layer 8
2025-06-14 21:41:19,838 - circuit_analysis.tracer - WARNING - Could not load SAE for layer 9: SAE.from_pretrained() missing 1 required positional argument: 'sae_id'
2025-06-14 21:41:19,839 - circuit_analysis.tracer - INFO - Created fallback SAE analyzer for layer 9
2025-06-14 21:41:19,839 - circuit_analysis.tracer - WARNING - Could not load SAE for layer 10: SAE.from_pretrained() missing 1 required positional argument: 'sae_id'
2025-06-14 21:41:19,839 - circuit_analysis.tracer - INFO - Created fallback SAE analyzer for layer 10
2025-06-14 21:41:19,839 - experiments.runner - INFO - Enhanced circuit tracer initialized
2025-06-14 21:41:19,839 - active_inference.agent - INFO - ActiveInferenceAgent initialized with pymdp=False
2025-06-14 21:41:19,839 - experiments.runner - INFO - Enhanced Active Inference agent initialized
2025-06-14 21:41:19,839 - experiments.runner - INFO - Enhanced prediction system initialized
2025-06-14 21:41:19,839 - experiments.runner - INFO - Baseline methods configured: {'random': 50, 'exhaustive': 100, 'gradient_based': 30}
2025-06-14 21:41:19,839 - experiments.runner - INFO - Enhanced experiment setup completed successfully
2025-06-14 21:41:19,839 - __main__ - INFO - Running complete experiment on 10 test inputs...
2025-06-14 21:41:19,839 - experiments.runner - INFO - Starting experiment with 10 test inputs
2025-06-14 21:41:19,839 - experiments.runner - INFO - Processing input 1/10: 'The Golden Gate Bridge is located in...'
2025-06-14 21:41:19,839 - experiments.runner - INFO - Auto-discovering active features across all model layers
2025-06-14 21:41:19,840 - circuit_analysis.tracer - INFO - Created fallback SAE analyzer for layer 0
2025-06-14 21:41:19,869 - experiments.runner - WARNING - Could not analyze layer 0: max_activation must be in [0,1], got 213.24960327148438
2025-06-14 21:41:19,870 - circuit_analysis.tracer - INFO - Created fallback SAE analyzer for layer 1
2025-06-14 21:41:19,896 - experiments.runner - WARNING - Could not analyze layer 1: max_activation must be in [0,1], got 213.24960327148438
2025-06-14 21:41:19,897 - circuit_analysis.tracer - INFO - Created fallback SAE analyzer for layer 2
2025-06-14 21:41:19,923 - experiments.runner - WARNING - Could not analyze layer 2: max_activation must be in [0,1], got 213.24960327148438
2025-06-14 21:41:19,924 - circuit_analysis.tracer - INFO - Created fallback SAE analyzer for layer 3
2025-06-14 21:41:19,950 - experiments.runner - WARNING - Could not analyze layer 3: max_activation must be in [0,1], got 213.24960327148438
2025-06-14 21:41:19,951 - circuit_analysis.tracer - INFO - Created fallback SAE analyzer for layer 4
2025-06-14 21:41:19,977 - experiments.runner - WARNING - Could not analyze layer 4: max_activation must be in [0,1], got 213.24960327148438
2025-06-14 21:41:20,003 - experiments.runner - WARNING - Could not analyze layer 5: max_activation must be in [0,1], got 213.24960327148438
2025-06-14 21:41:20,029 - experiments.runner - WARNING - Could not analyze layer 6: max_activation must be in [0,1], got 213.24960327148438
2025-06-14 21:41:20,055 - experiments.runner - WARNING - Could not analyze layer 7: max_activation must be in [0,1], got 213.24960327148438
2025-06-14 21:41:20,081 - experiments.runner - WARNING - Could not analyze layer 8: max_activation must be in [0,1], got 213.24960327148438
2025-06-14 21:41:20,107 - experiments.runner - WARNING - Could not analyze layer 9: max_activation must be in [0,1], got 213.24960327148438
2025-06-14 21:41:20,133 - experiments.runner - WARNING - Could not analyze layer 10: max_activation must be in [0,1], got 213.24960327148438
2025-06-14 21:41:20,134 - circuit_analysis.tracer - INFO - Created fallback SAE analyzer for layer 11
2025-06-14 21:41:20,160 - experiments.runner - WARNING - Could not analyze layer 11: max_activation must be in [0,1], got 213.24960327148438
2025-06-14 21:41:20,160 - experiments.runner - INFO - Auto-discovery complete: 0 features across 0 layers
2025-06-14 21:41:20,160 - experiments.runner - WARNING - No active features found for input: The Golden Gate Bridge is located in
2025-06-14 21:41:20,160 - experiments.runner - INFO - Processing input 2/10: 'San Francisco's most famous landmark is the Golden...'
2025-06-14 21:41:20,160 - experiments.runner - INFO - Auto-discovering active features across all model layers
2025-06-14 21:41:20,186 - experiments.runner - WARNING - Could not analyze layer 0: max_activation must be in [0,1], got 213.24960327148438
2025-06-14 21:41:20,212 - experiments.runner - WARNING - Could not analyze layer 1: max_activation must be in [0,1], got 213.24960327148438
2025-06-14 21:41:20,238 - experiments.runner - WARNING - Could not analyze layer 2: max_activation must be in [0,1], got 213.24960327148438
2025-06-14 21:41:20,264 - experiments.runner - WARNING - Could not analyze layer 3: max_activation must be in [0,1], got 213.24960327148438
2025-06-14 21:41:20,290 - experiments.runner - WARNING - Could not analyze layer 4: max_activation must be in [0,1], got 213.24960327148438
2025-06-14 21:41:20,316 - experiments.runner - WARNING - Could not analyze layer 5: max_activation must be in [0,1], got 213.24960327148438
2025-06-14 21:41:20,342 - experiments.runner - WARNING - Could not analyze layer 6: max_activation must be in [0,1], got 213.24960327148438
2025-06-14 21:41:20,368 - experiments.runner - WARNING - Could not analyze layer 7: max_activation must be in [0,1], got 213.24960327148438
2025-06-14 21:41:20,394 - experiments.runner - WARNING - Could not analyze layer 8: max_activation must be in [0,1], got 213.24960327148438
2025-06-14 21:41:20,420 - experiments.runner - WARNING - Could not analyze layer 9: max_activation must be in [0,1], got 213.24960327148438
2025-06-14 21:41:20,596 - experiments.runner - WARNING - Could not analyze layer 10: max_activation must be in [0,1], got 213.24960327148438
2025-06-14 21:41:20,624 - experiments.runner - WARNING - Could not analyze layer 11: max_activation must be in [0,1], got 213.24960327148438
2025-06-14 21:41:20,625 - experiments.runner - INFO - Auto-discovery complete: 0 features across 0 layers
2025-06-14 21:41:20,625 - experiments.runner - WARNING - No active features found for input: San Francisco's most famous landmark is the Golden Gate
2025-06-14 21:41:20,625 - experiments.runner - INFO - Processing input 3/10: 'The bridge connecting San Francisco to Marin Count...'
2025-06-14 21:41:20,625 - experiments.runner - INFO - Auto-discovering active features across all model layers
2025-06-14 21:41:20,655 - experiments.runner - WARNING - Could not analyze layer 0: max_activation must be in [0,1], got 213.24960327148438
2025-06-14 21:41:20,682 - experiments.runner - WARNING - Could not analyze layer 1: max_activation must be in [0,1], got 213.24960327148438
2025-06-14 21:41:20,708 - experiments.runner - WARNING - Could not analyze layer 2: max_activation must be in [0,1], got 213.24960327148438
2025-06-14 21:41:20,734 - experiments.runner - WARNING - Could not analyze layer 3: max_activation must be in [0,1], got 213.24960327148438
2025-06-14 21:41:20,760 - experiments.runner - WARNING - Could not analyze layer 4: max_activation must be in [0,1], got 213.24960327148438
2025-06-14 21:41:20,786 - experiments.runner - WARNING - Could not analyze layer 5: max_activation must be in [0,1], got 213.24960327148438
2025-06-14 21:41:20,813 - experiments.runner - WARNING - Could not analyze layer 6: max_activation must be in [0,1], got 213.24960327148438
2025-06-14 21:41:20,839 - experiments.runner - WARNING - Could not analyze layer 7: max_activation must be in [0,1], got 213.24960327148438
2025-06-14 21:41:20,865 - experiments.runner - WARNING - Could not analyze layer 8: max_activation must be in [0,1], got 213.24960327148438
2025-06-14 21:41:20,891 - experiments.runner - WARNING - Could not analyze layer 9: max_activation must be in [0,1], got 213.24960327148438
2025-06-14 21:41:20,917 - experiments.runner - WARNING - Could not analyze layer 10: max_activation must be in [0,1], got 213.24960327148438
2025-06-14 21:41:20,943 - experiments.runner - WARNING - Could not analyze layer 11: max_activation must be in [0,1], got 213.24960327148438
2025-06-14 21:41:20,943 - experiments.runner - INFO - Auto-discovery complete: 0 features across 0 layers
2025-06-14 21:41:20,943 - experiments.runner - WARNING - No active features found for input: The bridge connecting San Francisco to Marin County is called the Golden Gate
2025-06-14 21:41:20,943 - experiments.runner - INFO - Processing input 4/10: 'When visiting California, tourists often see the i...'
2025-06-14 21:41:20,943 - experiments.runner - INFO - Auto-discovering active features across all model layers
2025-06-14 21:41:20,970 - experiments.runner - WARNING - Could not analyze layer 0: max_activation must be in [0,1], got 213.24960327148438
2025-06-14 21:41:20,996 - experiments.runner - WARNING - Could not analyze layer 1: max_activation must be in [0,1], got 213.24960327148438
2025-06-14 21:41:21,022 - experiments.runner - WARNING - Could not analyze layer 2: max_activation must be in [0,1], got 213.24960327148438
2025-06-14 21:41:21,048 - experiments.runner - WARNING - Could not analyze layer 3: max_activation must be in [0,1], got 213.24960327148438
2025-06-14 21:41:21,074 - experiments.runner - WARNING - Could not analyze layer 4: max_activation must be in [0,1], got 213.24960327148438
2025-06-14 21:41:21,100 - experiments.runner - WARNING - Could not analyze layer 5: max_activation must be in [0,1], got 213.24960327148438
2025-06-14 21:41:21,126 - experiments.runner - WARNING - Could not analyze layer 6: max_activation must be in [0,1], got 213.24960327148438
2025-06-14 21:41:21,152 - experiments.runner - WARNING - Could not analyze layer 7: max_activation must be in [0,1], got 213.24960327148438
2025-06-14 21:41:21,178 - experiments.runner - WARNING - Could not analyze layer 8: max_activation must be in [0,1], got 213.24960327148438
2025-06-14 21:41:21,204 - experiments.runner - WARNING - Could not analyze layer 9: max_activation must be in [0,1], got 213.24960327148438
2025-06-14 21:41:21,230 - experiments.runner - WARNING - Could not analyze layer 10: max_activation must be in [0,1], got 213.24960327148438
2025-06-14 21:41:21,256 - experiments.runner - WARNING - Could not analyze layer 11: max_activation must be in [0,1], got 213.24960327148438
2025-06-14 21:41:21,257 - experiments.runner - INFO - Auto-discovery complete: 0 features across 0 layers
2025-06-14 21:41:21,257 - experiments.runner - WARNING - No active features found for input: When visiting California, tourists often see the iconic Golden Gate
2025-06-14 21:41:21,257 - experiments.runner - INFO - Processing input 5/10: 'The famous red suspension bridge spanning the Gold...'
2025-06-14 21:41:21,257 - experiments.runner - INFO - Auto-discovering active features across all model layers
2025-06-14 21:41:21,283 - experiments.runner - WARNING - Could not analyze layer 0: max_activation must be in [0,1], got 213.24960327148438
2025-06-14 21:41:21,309 - experiments.runner - WARNING - Could not analyze layer 1: max_activation must be in [0,1], got 213.24960327148438
2025-06-14 21:41:21,335 - experiments.runner - WARNING - Could not analyze layer 2: max_activation must be in [0,1], got 213.24960327148438
2025-06-14 21:41:21,361 - experiments.runner - WARNING - Could not analyze layer 3: max_activation must be in [0,1], got 213.24960327148438
2025-06-14 21:41:21,387 - experiments.runner - WARNING - Could not analyze layer 4: max_activation must be in [0,1], got 213.24960327148438
2025-06-14 21:41:21,413 - experiments.runner - WARNING - Could not analyze layer 5: max_activation must be in [0,1], got 213.24960327148438
2025-06-14 21:41:21,439 - experiments.runner - WARNING - Could not analyze layer 6: max_activation must be in [0,1], got 213.24960327148438
2025-06-14 21:41:21,465 - experiments.runner - WARNING - Could not analyze layer 7: max_activation must be in [0,1], got 213.24960327148438
2025-06-14 21:41:21,492 - experiments.runner - WARNING - Could not analyze layer 8: max_activation must be in [0,1], got 213.24960327148438
2025-06-14 21:41:21,518 - experiments.runner - WARNING - Could not analyze layer 9: max_activation must be in [0,1], got 213.24960327148438
2025-06-14 21:41:21,544 - experiments.runner - WARNING - Could not analyze layer 10: max_activation must be in [0,1], got 213.24960327148438
2025-06-14 21:41:21,570 - experiments.runner - WARNING - Could not analyze layer 11: max_activation must be in [0,1], got 213.24960327148438
2025-06-14 21:41:21,570 - experiments.runner - INFO - Auto-discovery complete: 0 features across 0 layers
2025-06-14 21:41:21,570 - experiments.runner - WARNING - No active features found for input: The famous red suspension bridge spanning the Golden Gate strait is the Golden Gate
2025-06-14 21:41:21,570 - experiments.runner - INFO - Processing input 6/10: 'In 1937, the newly opened Golden Gate Bridge becam...'
2025-06-14 21:41:21,570 - experiments.runner - INFO - Auto-discovering active features across all model layers
2025-06-14 21:41:21,596 - experiments.runner - WARNING - Could not analyze layer 0: max_activation must be in [0,1], got 213.24960327148438
2025-06-14 21:41:21,622 - experiments.runner - WARNING - Could not analyze layer 1: max_activation must be in [0,1], got 213.24960327148438
2025-06-14 21:41:21,648 - experiments.runner - WARNING - Could not analyze layer 2: max_activation must be in [0,1], got 213.24960327148438
2025-06-14 21:41:21,675 - experiments.runner - WARNING - Could not analyze layer 3: max_activation must be in [0,1], got 213.24960327148438
2025-06-14 21:41:21,701 - experiments.runner - WARNING - Could not analyze layer 4: max_activation must be in [0,1], got 213.24960327148438
2025-06-14 21:41:21,728 - experiments.runner - WARNING - Could not analyze layer 5: max_activation must be in [0,1], got 213.24960327148438
2025-06-14 21:41:21,755 - experiments.runner - WARNING - Could not analyze layer 6: max_activation must be in [0,1], got 213.24960327148438
2025-06-14 21:41:21,782 - experiments.runner - WARNING - Could not analyze layer 7: max_activation must be in [0,1], got 213.24960327148438
2025-06-14 21:41:21,808 - experiments.runner - WARNING - Could not analyze layer 8: max_activation must be in [0,1], got 213.24960327148438
2025-06-14 21:41:21,835 - experiments.runner - WARNING - Could not analyze layer 9: max_activation must be in [0,1], got 213.24960327148438
2025-06-14 21:41:21,862 - experiments.runner - WARNING - Could not analyze layer 10: max_activation must be in [0,1], got 213.24960327148438
2025-06-14 21:41:21,891 - experiments.runner - WARNING - Could not analyze layer 11: max_activation must be in [0,1], got 213.24960327148438
2025-06-14 21:41:21,892 - experiments.runner - INFO - Auto-discovery complete: 0 features across 0 layers
2025-06-14 21:41:21,892 - experiments.runner - WARNING - No active features found for input: In 1937, the newly opened Golden Gate Bridge became
2025-06-14 21:41:21,892 - experiments.runner - INFO - Processing input 7/10: 'The Art Deco towers of the Golden Gate Bridge rise...'
2025-06-14 21:41:21,892 - experiments.runner - INFO - Auto-discovering active features across all model layers
2025-06-14 21:41:21,920 - experiments.runner - WARNING - Could not analyze layer 0: max_activation must be in [0,1], got 213.24960327148438
2025-06-14 21:41:21,947 - experiments.runner - WARNING - Could not analyze layer 1: max_activation must be in [0,1], got 213.24960327148438
2025-06-14 21:41:21,975 - experiments.runner - WARNING - Could not analyze layer 2: max_activation must be in [0,1], got 213.24960327148438
2025-06-14 21:41:22,001 - experiments.runner - WARNING - Could not analyze layer 3: max_activation must be in [0,1], got 213.24960327148438
2025-06-14 21:41:22,028 - experiments.runner - WARNING - Could not analyze layer 4: max_activation must be in [0,1], got 213.24960327148438
2025-06-14 21:41:22,055 - experiments.runner - WARNING - Could not analyze layer 5: max_activation must be in [0,1], got 213.24960327148438
2025-06-14 21:41:22,082 - experiments.runner - WARNING - Could not analyze layer 6: max_activation must be in [0,1], got 213.24960327148438
2025-06-14 21:41:22,260 - experiments.runner - WARNING - Could not analyze layer 7: max_activation must be in [0,1], got 213.24960327148438
2025-06-14 21:41:22,288 - experiments.runner - WARNING - Could not analyze layer 8: max_activation must be in [0,1], got 213.24960327148438
2025-06-14 21:41:22,314 - experiments.runner - WARNING - Could not analyze layer 9: max_activation must be in [0,1], got 213.24960327148438
2025-06-14 21:41:22,341 - experiments.runner - WARNING - Could not analyze layer 10: max_activation must be in [0,1], got 213.24960327148438
2025-06-14 21:41:22,368 - experiments.runner - WARNING - Could not analyze layer 11: max_activation must be in [0,1], got 213.24960327148438
2025-06-14 21:41:22,368 - experiments.runner - INFO - Auto-discovery complete: 0 features across 0 layers
2025-06-14 21:41:22,368 - experiments.runner - WARNING - No active features found for input: The Art Deco towers of the Golden Gate Bridge rise
2025-06-14 21:41:22,368 - experiments.runner - INFO - Processing input 8/10: 'Fog often shrouds the Golden Gate Bridge in...'
2025-06-14 21:41:22,368 - experiments.runner - INFO - Auto-discovering active features across all model layers
2025-06-14 21:41:22,395 - experiments.runner - WARNING - Could not analyze layer 0: max_activation must be in [0,1], got 213.24960327148438
2025-06-14 21:41:22,421 - experiments.runner - WARNING - Could not analyze layer 1: max_activation must be in [0,1], got 213.24960327148438
2025-06-14 21:41:22,448 - experiments.runner - WARNING - Could not analyze layer 2: max_activation must be in [0,1], got 213.24960327148438
2025-06-14 21:41:22,475 - experiments.runner - WARNING - Could not analyze layer 3: max_activation must be in [0,1], got 213.24960327148438
2025-06-14 21:41:22,501 - experiments.runner - WARNING - Could not analyze layer 4: max_activation must be in [0,1], got 213.24960327148438
2025-06-14 21:41:22,528 - experiments.runner - WARNING - Could not analyze layer 5: max_activation must be in [0,1], got 213.24960327148438
2025-06-14 21:41:22,554 - experiments.runner - WARNING - Could not analyze layer 6: max_activation must be in [0,1], got 213.24960327148438
2025-06-14 21:41:22,581 - experiments.runner - WARNING - Could not analyze layer 7: max_activation must be in [0,1], got 213.24960327148438
2025-06-14 21:41:22,608 - experiments.runner - WARNING - Could not analyze layer 8: max_activation must be in [0,1], got 213.24960327148438
2025-06-14 21:41:22,634 - experiments.runner - WARNING - Could not analyze layer 9: max_activation must be in [0,1], got 213.24960327148438
2025-06-14 21:41:22,661 - experiments.runner - WARNING - Could not analyze layer 10: max_activation must be in [0,1], got 213.24960327148438
2025-06-14 21:41:22,688 - experiments.runner - WARNING - Could not analyze layer 11: max_activation must be in [0,1], got 213.24960327148438
2025-06-14 21:41:22,688 - experiments.runner - INFO - Auto-discovery complete: 0 features across 0 layers
2025-06-14 21:41:22,688 - experiments.runner - WARNING - No active features found for input: Fog often shrouds the Golden Gate Bridge in
2025-06-14 21:41:22,688 - experiments.runner - INFO - Processing input 9/10: 'Engineers designed the Golden Gate Bridge to withs...'
2025-06-14 21:41:22,688 - experiments.runner - INFO - Auto-discovering active features across all model layers
2025-06-14 21:41:22,715 - experiments.runner - WARNING - Could not analyze layer 0: max_activation must be in [0,1], got 213.24960327148438
2025-06-14 21:41:22,741 - experiments.runner - WARNING - Could not analyze layer 1: max_activation must be in [0,1], got 213.24960327148438
2025-06-14 21:41:22,768 - experiments.runner - WARNING - Could not analyze layer 2: max_activation must be in [0,1], got 213.24960327148438
2025-06-14 21:41:22,794 - experiments.runner - WARNING - Could not analyze layer 3: max_activation must be in [0,1], got 213.24960327148438
2025-06-14 21:41:22,821 - experiments.runner - WARNING - Could not analyze layer 4: max_activation must be in [0,1], got 213.24960327148438
2025-06-14 21:41:22,847 - experiments.runner - WARNING - Could not analyze layer 5: max_activation must be in [0,1], got 213.24960327148438
2025-06-14 21:41:22,874 - experiments.runner - WARNING - Could not analyze layer 6: max_activation must be in [0,1], got 213.24960327148438
2025-06-14 21:41:22,901 - experiments.runner - WARNING - Could not analyze layer 7: max_activation must be in [0,1], got 213.24960327148438
2025-06-14 21:41:22,927 - experiments.runner - WARNING - Could not analyze layer 8: max_activation must be in [0,1], got 213.24960327148438
2025-06-14 21:41:22,954 - experiments.runner - WARNING - Could not analyze layer 9: max_activation must be in [0,1], got 213.24960327148438
2025-06-14 21:41:22,981 - experiments.runner - WARNING - Could not analyze layer 10: max_activation must be in [0,1], got 213.24960327148438
2025-06-14 21:41:23,007 - experiments.runner - WARNING - Could not analyze layer 11: max_activation must be in [0,1], got 213.24960327148438
2025-06-14 21:41:23,008 - experiments.runner - INFO - Auto-discovery complete: 0 features across 0 layers
2025-06-14 21:41:23,008 - experiments.runner - WARNING - No active features found for input: Engineers designed the Golden Gate Bridge to withstand
2025-06-14 21:41:23,008 - experiments.runner - INFO - Processing input 10/10: 'The Golden Gate Bridge's International Orange colo...'
2025-06-14 21:41:23,008 - experiments.runner - INFO - Auto-discovering active features across all model layers
2025-06-14 21:41:23,034 - experiments.runner - WARNING - Could not analyze layer 0: max_activation must be in [0,1], got 213.24960327148438
2025-06-14 21:41:23,061 - experiments.runner - WARNING - Could not analyze layer 1: max_activation must be in [0,1], got 213.24960327148438
2025-06-14 21:41:23,088 - experiments.runner - WARNING - Could not analyze layer 2: max_activation must be in [0,1], got 213.24960327148438
2025-06-14 21:41:23,115 - experiments.runner - WARNING - Could not analyze layer 3: max_activation must be in [0,1], got 213.24960327148438
2025-06-14 21:41:23,142 - experiments.runner - WARNING - Could not analyze layer 4: max_activation must be in [0,1], got 213.24960327148438
2025-06-14 21:41:23,168 - experiments.runner - WARNING - Could not analyze layer 5: max_activation must be in [0,1], got 213.24960327148438
2025-06-14 21:41:23,195 - experiments.runner - WARNING - Could not analyze layer 6: max_activation must be in [0,1], got 213.24960327148438
2025-06-14 21:41:23,221 - experiments.runner - WARNING - Could not analyze layer 7: max_activation must be in [0,1], got 213.24960327148438
2025-06-14 21:41:23,248 - experiments.runner - WARNING - Could not analyze layer 8: max_activation must be in [0,1], got 213.24960327148438
2025-06-14 21:41:23,274 - experiments.runner - WARNING - Could not analyze layer 9: max_activation must be in [0,1], got 213.24960327148438
2025-06-14 21:41:23,301 - experiments.runner - WARNING - Could not analyze layer 10: max_activation must be in [0,1], got 213.24960327148438
2025-06-14 21:41:23,327 - experiments.runner - WARNING - Could not analyze layer 11: max_activation must be in [0,1], got 213.24960327148438
2025-06-14 21:41:23,327 - experiments.runner - INFO - Auto-discovery complete: 0 features across 0 layers
2025-06-14 21:41:23,327 - experiments.runner - WARNING - No active features found for input: The Golden Gate Bridge's International Orange color was chosen to
2025-06-14 21:41:23,327 - active_inference.agent - INFO - Generating novel predictions from Active Inference beliefs
2025-06-14 21:41:23,327 - active_inference.agent - WARNING - No belief state available for prediction generation
2025-06-14 21:41:23,328 - experiments.runner - INFO - Experiment completed in 3.49 seconds
2025-06-14 21:41:23,328 - experiments.runner - INFO - Research questions passed: 0/3
2025-06-14 21:41:23,328 - __main__ - INFO - Performing comprehensive statistical validation...
2025-06-14 21:41:23,328 - core.statistical_validation - INFO - Performing comprehensive statistical validation of experiment results
2025-06-14 21:41:23,328 - core.statistical_validation - INFO - Comprehensive statistical validation completed
2025-06-14 21:41:23,329 - visualization.visualizer - INFO - Enhanced CircuitVisualizer initialized: visualizations
2025-06-14 21:41:23,329 - __main__ - ERROR - ❌ Visualization generation failed: CircuitVisualizer.generate_all_visualizations() got an unexpected keyword argument 'output_dir'
2025-06-14 21:41:23,329 - experiments.runner - INFO - Results saved to: /home/ubuntu/project/results/Complete_L40S_Experiment_20250614_214118/experiment_results_2025-06-14T21:41:23.328019.json
2025-06-14 21:41:23,330 - __main__ - INFO - Complete experiment finished. Results: /home/ubuntu/project/results/Complete_L40S_Experiment_20250614_214118
