2025-07-09 15:18:17,277 - src.visualization.visualizer - INFO - Enhanced CircuitVisualizer initialized: visualizations
2025-07-09 15:18:17,277 - __main__ - INFO - Initialized ComprehensiveExperimentRunner: comprehensive_exp_20250709_151817
2025-07-09 15:18:17,277 - __main__ - INFO - Model: google/gemma-2-2b, Transcoders: gemma
2025-07-09 15:18:17,277 - __main__ - INFO - Output directory: results/results_20250709_151817
2025-07-09 15:18:17,277 - __main__ - INFO - 🚀 Starting comprehensive experiment: comprehensive_exp_20250709_151817
2025-07-09 15:18:17,277 - __main__ - INFO - 🕐 Start time: 2025-07-09 15:18:17.277157
2025-07-09 15:18:17,277 - __main__ - INFO - ============================================================
2025-07-09 15:18:17,277 - __main__ - INFO - PHASE 1: MODEL INITIALIZATION AND VALIDATION
2025-07-09 15:18:17,277 - __main__ - INFO - ============================================================
2025-07-09 15:18:17,277 - __main__ - INFO - 🔧 Initializing models and components...
2025-07-09 15:18:18,122 - circuit_tracer.utils.hf_utils - INFO - Performing pre-flight metadata check...
2025-07-09 15:18:18,226 - circuit_tracer.utils.hf_utils - INFO - Pre-flight check complete. Starting downloads...
2025-07-09 15:18:37,596 - __main__ - INFO - ✅ Model inference test passed: logits shape torch.Size([1, 3, 256000]), activations shape torch.Size([26, 3, 16384])
2025-07-09 15:18:37,596 - src.active_inference.proper_agent - INFO - State space: [64, 4, 3], Observation space: [5, 3]
2025-07-09 15:18:37,606 - src.active_inference.proper_agent - INFO - Generative model created with proper A, B, C, D matrices
2025-07-09 15:18:37,606 - src.active_inference.proper_agent - INFO - Real pymdp Agent initialized with 9 policies
2025-07-09 15:18:37,606 - src.active_inference.proper_agent - INFO - ProperActiveInferenceAgent initialized with 9 policies
2025-07-09 15:18:37,607 - __main__ - INFO - ✅ ProperActiveInferenceAgent initialized with real pymdp
2025-07-09 15:18:37,607 - __main__ - INFO - 🎯 All components initialized successfully
2025-07-09 15:18:37,607 - __main__ - INFO - ============================================================
2025-07-09 15:18:37,607 - __main__ - INFO - PHASE 2: GOLDEN GATE BRIDGE SEMANTIC DISCOVERY
2025-07-09 15:18:37,607 - __main__ - INFO - ============================================================
2025-07-09 15:18:37,607 - __main__ - INFO - 🌉 Testing Golden Gate Bridge → San Francisco semantic discovery...
2025-07-09 15:18:37,607 - __main__ - INFO - Testing prompt 1/5: 'The Golden Gate Bridge is located in'
2025-07-09 15:18:37,716 - __main__ - INFO - ✅ Semantic discovery successful: San
2025-07-09 15:18:37,716 - __main__ - INFO - Testing prompt 2/5: 'San Francisco's most famous landmark is the'
2025-07-09 15:18:37,808 - __main__ - INFO - ❌ Semantic discovery failed
2025-07-09 15:18:37,809 - __main__ - INFO - Testing prompt 3/5: 'The iconic red bridge connecting San Francisco to Marin County is the'
2025-07-09 15:18:37,887 - __main__ - INFO - ❌ Semantic discovery failed
2025-07-09 15:18:37,887 - __main__ - INFO - Testing prompt 4/5: 'Visitors to the Golden Gate Bridge are in'
2025-07-09 15:18:37,962 - __main__ - INFO - ❌ Semantic discovery failed
2025-07-09 15:18:37,962 - __main__ - INFO - Testing prompt 5/5: 'The city famous for the Golden Gate Bridge is'
2025-07-09 15:18:38,031 - __main__ - INFO - ❌ Semantic discovery failed
2025-07-09 15:18:38,031 - __main__ - INFO - 🌉 Golden Gate results: 1/5 successful
2025-07-09 15:18:38,031 - __main__ - INFO - 🌉 Success rate: 20.0%
2025-07-09 15:18:38,031 - __main__ - INFO - 🌉 Average confidence: 0.128
2025-07-09 15:18:38,031 - __main__ - INFO - ============================================================
2025-07-09 15:18:38,031 - __main__ - INFO - PHASE 3: COMPREHENSIVE CIRCUIT DISCOVERY
2025-07-09 15:18:38,031 - __main__ - INFO - ============================================================
2025-07-09 15:18:38,031 - __main__ - INFO - 🔍 Running comprehensive circuit discovery...
2025-07-09 15:18:38,854 - circuit_tracer.utils.hf_utils - INFO - Performing pre-flight metadata check...
2025-07-09 15:18:38,927 - circuit_tracer.utils.hf_utils - INFO - Pre-flight check complete. Starting downloads...
2025-07-09 15:18:58,165 - src.active_inference.strategy_learning_agent - INFO - Strategy space: [12, 3, 4], Observation space: [5, 3]
2025-07-09 15:18:58,165 - src.active_inference.strategy_learning_agent - INFO - Total strategies: 144
2025-07-09 15:18:58,167 - src.active_inference.strategy_learning_agent - INFO - Strategy generative model created
2025-07-09 15:18:58,167 - src.active_inference.strategy_learning_agent - INFO - Strategy agent initialized with 9 policies
2025-07-09 15:18:58,167 - src.active_inference.strategy_learning_agent - INFO - StrategyLearningAgent initialized for 144 strategies
2025-07-09 15:18:58,167 - src.active_inference.strategy_learning_agent - INFO - Initializing strategy learning from 4949 features
2025-07-09 15:18:58,167 - src.active_inference.strategy_learning_agent - INFO - Strategy learning initialized from circuit features
2025-07-09 15:18:58,188 - src.active_inference.strategy_learning_agent - INFO - Selected strategy: InterventionType.ABLATION on layer 0
2025-07-09 15:18:58,468 - src.active_inference.strategy_learning_agent - INFO - Updated strategy beliefs from intervention
2025-07-09 15:18:58,468 - src.active_inference.strategy_learning_agent - WARNING - Feature confidence calculation failed: matmul: Input operand 0 does not have enough dimensions (has 0, gufunc core with signature (n?,k),(k,m?)->(n?,m?) requires 1)
2025-07-09 15:18:58,489 - src.active_inference.strategy_learning_agent - INFO - Selected strategy: InterventionType.ABLATION on layer 0
2025-07-09 15:18:58,753 - src.active_inference.strategy_learning_agent - INFO - Updated strategy beliefs from intervention
2025-07-09 15:18:58,753 - src.active_inference.strategy_learning_agent - WARNING - Feature confidence calculation failed: matmul: Input operand 0 does not have enough dimensions (has 0, gufunc core with signature (n?,k),(k,m?)->(n?,m?) requires 1)
2025-07-09 15:18:58,776 - src.active_inference.strategy_learning_agent - INFO - Selected strategy: InterventionType.ABLATION on layer 0
2025-07-09 15:18:59,054 - src.active_inference.strategy_learning_agent - INFO - Updated strategy beliefs from intervention
2025-07-09 15:18:59,054 - src.active_inference.strategy_learning_agent - WARNING - Feature confidence calculation failed: matmul: Input operand 0 does not have enough dimensions (has 0, gufunc core with signature (n?,k),(k,m?)->(n?,m?) requires 1)
2025-07-09 15:18:59,076 - src.active_inference.strategy_learning_agent - INFO - Selected strategy: InterventionType.ABLATION on layer 0
2025-07-09 15:18:59,364 - src.active_inference.strategy_learning_agent - INFO - Updated strategy beliefs from intervention
2025-07-09 15:18:59,365 - src.active_inference.strategy_learning_agent - WARNING - Feature confidence calculation failed: matmul: Input operand 0 does not have enough dimensions (has 0, gufunc core with signature (n?,k),(k,m?)->(n?,m?) requires 1)
2025-07-09 15:18:59,389 - src.active_inference.strategy_learning_agent - INFO - Selected strategy: InterventionType.ABLATION on layer 0
2025-07-09 15:18:59,646 - src.active_inference.strategy_learning_agent - INFO - Updated strategy beliefs from intervention
2025-07-09 15:18:59,646 - src.active_inference.strategy_learning_agent - WARNING - Feature confidence calculation failed: matmul: Input operand 0 does not have enough dimensions (has 0, gufunc core with signature (n?,k),(k,m?)->(n?,m?) requires 1)
2025-07-09 15:18:59,667 - src.active_inference.strategy_learning_agent - INFO - Selected strategy: InterventionType.ABLATION on layer 0
2025-07-09 15:18:59,898 - src.active_inference.strategy_learning_agent - INFO - Updated strategy beliefs from intervention
2025-07-09 15:18:59,898 - src.active_inference.strategy_learning_agent - WARNING - Feature confidence calculation failed: matmul: Input operand 0 does not have enough dimensions (has 0, gufunc core with signature (n?,k),(k,m?)->(n?,m?) requires 1)
2025-07-09 15:18:59,919 - src.active_inference.strategy_learning_agent - INFO - Selected strategy: InterventionType.ABLATION on layer 0
2025-07-09 15:19:00,169 - src.active_inference.strategy_learning_agent - INFO - Updated strategy beliefs from intervention
2025-07-09 15:19:00,170 - src.active_inference.strategy_learning_agent - WARNING - Feature confidence calculation failed: matmul: Input operand 0 does not have enough dimensions (has 0, gufunc core with signature (n?,k),(k,m?)->(n?,m?) requires 1)
2025-07-09 15:19:00,190 - src.active_inference.strategy_learning_agent - INFO - Selected strategy: InterventionType.ABLATION on layer 0
2025-07-09 15:19:00,451 - src.active_inference.strategy_learning_agent - INFO - Updated strategy beliefs from intervention
2025-07-09 15:19:00,451 - src.active_inference.strategy_learning_agent - WARNING - Feature confidence calculation failed: matmul: Input operand 0 does not have enough dimensions (has 0, gufunc core with signature (n?,k),(k,m?)->(n?,m?) requires 1)
2025-07-09 15:19:00,472 - src.active_inference.strategy_learning_agent - INFO - Selected strategy: InterventionType.ABLATION on layer 0
2025-07-09 15:19:00,720 - src.active_inference.strategy_learning_agent - INFO - Updated strategy beliefs from intervention
2025-07-09 15:19:00,720 - src.active_inference.strategy_learning_agent - WARNING - Feature confidence calculation failed: matmul: Input operand 0 does not have enough dimensions (has 0, gufunc core with signature (n?,k),(k,m?)->(n?,m?) requires 1)
2025-07-09 15:19:00,740 - src.active_inference.strategy_learning_agent - INFO - Selected strategy: InterventionType.ABLATION on layer 0
2025-07-09 15:19:00,971 - src.active_inference.strategy_learning_agent - INFO - Updated strategy beliefs from intervention
2025-07-09 15:19:00,971 - src.active_inference.strategy_learning_agent - WARNING - Feature confidence calculation failed: matmul: Input operand 0 does not have enough dimensions (has 0, gufunc core with signature (n?,k),(k,m?)->(n?,m?) requires 1)
2025-07-09 15:19:00,971 - src.active_inference.strategy_learning_agent - INFO - Strategy learning converged: avg change 0.0057
2025-07-09 15:19:00,992 - src.active_inference.strategy_learning_agent - INFO - Selected strategy: InterventionType.ABLATION on layer 0
2025-07-09 15:19:01,219 - src.active_inference.strategy_learning_agent - INFO - Updated strategy beliefs from intervention
2025-07-09 15:19:01,219 - src.active_inference.strategy_learning_agent - WARNING - Feature confidence calculation failed: matmul: Input operand 0 does not have enough dimensions (has 0, gufunc core with signature (n?,k),(k,m?)->(n?,m?) requires 1)
2025-07-09 15:19:01,219 - src.core.metrics - INFO - Calculating correspondence metrics with proper bounds
2025-07-09 15:19:01,234 - src.core.metrics - WARNING - Zero variance in belief_updating data
2025-07-09 15:19:01,234 - src.core.metrics - WARNING - Zero variance in precision_weighting data
2025-07-09 15:19:01,234 - src.core.metrics - WARNING - Zero variance in prediction_error data
2025-07-09 15:19:01,235 - __main__ - ERROR - ❌ Experiment failed: validation_status must be one of ['untested', 'validated', 'falsified']
2025-07-09 15:19:01,235 - __main__ - ERROR - Experiment failed: validation_status must be one of ['untested', 'validated', 'falsified']
