2025-07-09 15:16:38,682 - src.visualization.visualizer - INFO - Enhanced CircuitVisualizer initialized: visualizations
2025-07-09 15:16:38,682 - __main__ - INFO - Initialized ComprehensiveExperimentRunner: comprehensive_exp_20250709_151638
2025-07-09 15:16:38,682 - __main__ - INFO - Model: google/gemma-2-2b, Transcoders: gemma
2025-07-09 15:16:38,682 - __main__ - INFO - Output directory: results/results_20250709_151638
2025-07-09 15:16:38,682 - __main__ - INFO - 🚀 Starting comprehensive experiment: comprehensive_exp_20250709_151638
2025-07-09 15:16:38,682 - __main__ - INFO - 🕐 Start time: 2025-07-09 15:16:38.682963
2025-07-09 15:16:38,683 - __main__ - INFO - ============================================================
2025-07-09 15:16:38,683 - __main__ - INFO - PHASE 1: MODEL INITIALIZATION AND VALIDATION
2025-07-09 15:16:38,683 - __main__ - INFO - ============================================================
2025-07-09 15:16:38,683 - __main__ - INFO - 🔧 Initializing models and components...
2025-07-09 15:16:39,544 - circuit_tracer.utils.hf_utils - INFO - Performing pre-flight metadata check...
2025-07-09 15:16:39,604 - circuit_tracer.utils.hf_utils - INFO - Pre-flight check complete. Starting downloads...
2025-07-09 15:16:59,057 - __main__ - INFO - ✅ Model inference test passed: logits shape torch.Size([1, 3, 256000]), activations shape torch.Size([26, 3, 16384])
2025-07-09 15:16:59,057 - src.active_inference.proper_agent - INFO - State space: [64, 4, 3], Observation space: [5, 3]
2025-07-09 15:16:59,068 - src.active_inference.proper_agent - INFO - Generative model created with proper A, B, C, D matrices
2025-07-09 15:16:59,069 - src.active_inference.proper_agent - INFO - Real pymdp Agent initialized with 9 policies
2025-07-09 15:16:59,069 - src.active_inference.proper_agent - INFO - ProperActiveInferenceAgent initialized with 9 policies
2025-07-09 15:16:59,069 - __main__ - INFO - ✅ ProperActiveInferenceAgent initialized with real pymdp
2025-07-09 15:16:59,069 - __main__ - INFO - 🎯 All components initialized successfully
2025-07-09 15:16:59,069 - __main__ - INFO - ============================================================
2025-07-09 15:16:59,069 - __main__ - INFO - PHASE 2: GOLDEN GATE BRIDGE SEMANTIC DISCOVERY
2025-07-09 15:16:59,069 - __main__ - INFO - ============================================================
2025-07-09 15:16:59,069 - __main__ - INFO - 🌉 Testing Golden Gate Bridge → San Francisco semantic discovery...
2025-07-09 15:16:59,069 - __main__ - INFO - Testing prompt 1/5: 'The Golden Gate Bridge is located in'
2025-07-09 15:16:59,183 - __main__ - INFO - ✅ Semantic discovery successful: San
2025-07-09 15:16:59,183 - __main__ - INFO - Testing prompt 2/5: 'San Francisco's most famous landmark is the'
2025-07-09 15:16:59,274 - __main__ - INFO - ❌ Semantic discovery failed
2025-07-09 15:16:59,274 - __main__ - INFO - Testing prompt 3/5: 'The iconic red bridge connecting San Francisco to Marin County is the'
2025-07-09 15:16:59,353 - __main__ - INFO - ❌ Semantic discovery failed
2025-07-09 15:16:59,354 - __main__ - INFO - Testing prompt 4/5: 'Visitors to the Golden Gate Bridge are in'
2025-07-09 15:16:59,429 - __main__ - INFO - ❌ Semantic discovery failed
2025-07-09 15:16:59,429 - __main__ - INFO - Testing prompt 5/5: 'The city famous for the Golden Gate Bridge is'
2025-07-09 15:16:59,503 - __main__ - INFO - ❌ Semantic discovery failed
2025-07-09 15:16:59,503 - __main__ - INFO - 🌉 Golden Gate results: 1/5 successful
2025-07-09 15:16:59,503 - __main__ - INFO - 🌉 Success rate: 20.0%
2025-07-09 15:16:59,503 - __main__ - INFO - 🌉 Average confidence: 0.128
2025-07-09 15:16:59,503 - __main__ - INFO - ============================================================
2025-07-09 15:16:59,503 - __main__ - INFO - PHASE 3: COMPREHENSIVE CIRCUIT DISCOVERY
2025-07-09 15:16:59,503 - __main__ - INFO - ============================================================
2025-07-09 15:16:59,503 - __main__ - INFO - 🔍 Running comprehensive circuit discovery...
2025-07-09 15:17:00,229 - circuit_tracer.utils.hf_utils - INFO - Performing pre-flight metadata check...
2025-07-09 15:17:00,302 - circuit_tracer.utils.hf_utils - INFO - Pre-flight check complete. Starting downloads...
2025-07-09 15:17:19,677 - src.active_inference.strategy_learning_agent - INFO - Strategy space: [12, 3, 4], Observation space: [5, 3]
2025-07-09 15:17:19,677 - src.active_inference.strategy_learning_agent - INFO - Total strategies: 144
2025-07-09 15:17:19,679 - src.active_inference.strategy_learning_agent - INFO - Strategy generative model created
2025-07-09 15:17:19,679 - src.active_inference.strategy_learning_agent - INFO - Strategy agent initialized with 9 policies
2025-07-09 15:17:19,679 - src.active_inference.strategy_learning_agent - INFO - StrategyLearningAgent initialized for 144 strategies
2025-07-09 15:17:19,679 - src.active_inference.strategy_learning_agent - INFO - Initializing strategy learning from 4949 features
2025-07-09 15:17:19,679 - src.active_inference.strategy_learning_agent - INFO - Strategy learning initialized from circuit features
2025-07-09 15:17:19,702 - src.active_inference.strategy_learning_agent - INFO - Selected strategy: InterventionType.ABLATION on layer 0
2025-07-09 15:17:19,948 - src.active_inference.strategy_learning_agent - INFO - Updated strategy beliefs from intervention
2025-07-09 15:17:19,948 - src.active_inference.strategy_learning_agent - WARNING - Feature confidence calculation failed: matmul: Input operand 0 does not have enough dimensions (has 0, gufunc core with signature (n?,k),(k,m?)->(n?,m?) requires 1)
2025-07-09 15:17:19,970 - src.active_inference.strategy_learning_agent - INFO - Selected strategy: InterventionType.ABLATION on layer 0
2025-07-09 15:17:20,197 - src.active_inference.strategy_learning_agent - INFO - Updated strategy beliefs from intervention
2025-07-09 15:17:20,197 - src.active_inference.strategy_learning_agent - WARNING - Feature confidence calculation failed: matmul: Input operand 0 does not have enough dimensions (has 0, gufunc core with signature (n?,k),(k,m?)->(n?,m?) requires 1)
2025-07-09 15:17:20,219 - src.active_inference.strategy_learning_agent - INFO - Selected strategy: InterventionType.ABLATION on layer 0
2025-07-09 15:17:20,446 - src.active_inference.strategy_learning_agent - INFO - Updated strategy beliefs from intervention
2025-07-09 15:17:20,446 - src.active_inference.strategy_learning_agent - WARNING - Feature confidence calculation failed: matmul: Input operand 0 does not have enough dimensions (has 0, gufunc core with signature (n?,k),(k,m?)->(n?,m?) requires 1)
2025-07-09 15:17:20,469 - src.active_inference.strategy_learning_agent - INFO - Selected strategy: InterventionType.ABLATION on layer 0
2025-07-09 15:17:20,700 - src.active_inference.strategy_learning_agent - INFO - Updated strategy beliefs from intervention
2025-07-09 15:17:20,700 - src.active_inference.strategy_learning_agent - WARNING - Feature confidence calculation failed: matmul: Input operand 0 does not have enough dimensions (has 0, gufunc core with signature (n?,k),(k,m?)->(n?,m?) requires 1)
2025-07-09 15:17:20,722 - src.active_inference.strategy_learning_agent - INFO - Selected strategy: InterventionType.ABLATION on layer 0
2025-07-09 15:17:20,951 - src.active_inference.strategy_learning_agent - INFO - Updated strategy beliefs from intervention
2025-07-09 15:17:20,952 - src.active_inference.strategy_learning_agent - WARNING - Feature confidence calculation failed: matmul: Input operand 0 does not have enough dimensions (has 0, gufunc core with signature (n?,k),(k,m?)->(n?,m?) requires 1)
2025-07-09 15:17:20,972 - src.active_inference.strategy_learning_agent - INFO - Selected strategy: InterventionType.ABLATION on layer 0
2025-07-09 15:17:21,198 - src.active_inference.strategy_learning_agent - INFO - Updated strategy beliefs from intervention
2025-07-09 15:17:21,198 - src.active_inference.strategy_learning_agent - WARNING - Feature confidence calculation failed: matmul: Input operand 0 does not have enough dimensions (has 0, gufunc core with signature (n?,k),(k,m?)->(n?,m?) requires 1)
2025-07-09 15:17:21,221 - src.active_inference.strategy_learning_agent - INFO - Selected strategy: InterventionType.ABLATION on layer 0
2025-07-09 15:17:21,448 - src.active_inference.strategy_learning_agent - INFO - Updated strategy beliefs from intervention
2025-07-09 15:17:21,448 - src.active_inference.strategy_learning_agent - WARNING - Feature confidence calculation failed: matmul: Input operand 0 does not have enough dimensions (has 0, gufunc core with signature (n?,k),(k,m?)->(n?,m?) requires 1)
2025-07-09 15:17:21,469 - src.active_inference.strategy_learning_agent - INFO - Selected strategy: InterventionType.ABLATION on layer 0
2025-07-09 15:17:21,696 - src.active_inference.strategy_learning_agent - INFO - Updated strategy beliefs from intervention
2025-07-09 15:17:21,696 - src.active_inference.strategy_learning_agent - WARNING - Feature confidence calculation failed: matmul: Input operand 0 does not have enough dimensions (has 0, gufunc core with signature (n?,k),(k,m?)->(n?,m?) requires 1)
2025-07-09 15:17:21,719 - src.active_inference.strategy_learning_agent - INFO - Selected strategy: InterventionType.ABLATION on layer 0
2025-07-09 15:17:21,951 - src.active_inference.strategy_learning_agent - INFO - Updated strategy beliefs from intervention
2025-07-09 15:17:21,951 - src.active_inference.strategy_learning_agent - WARNING - Feature confidence calculation failed: matmul: Input operand 0 does not have enough dimensions (has 0, gufunc core with signature (n?,k),(k,m?)->(n?,m?) requires 1)
2025-07-09 15:17:21,972 - src.active_inference.strategy_learning_agent - INFO - Selected strategy: InterventionType.ABLATION on layer 0
2025-07-09 15:17:22,197 - src.active_inference.strategy_learning_agent - INFO - Updated strategy beliefs from intervention
2025-07-09 15:17:22,197 - src.active_inference.strategy_learning_agent - WARNING - Feature confidence calculation failed: matmul: Input operand 0 does not have enough dimensions (has 0, gufunc core with signature (n?,k),(k,m?)->(n?,m?) requires 1)
2025-07-09 15:17:22,197 - src.active_inference.strategy_learning_agent - INFO - Strategy learning converged: avg change 0.0057
2025-07-09 15:17:22,220 - src.active_inference.strategy_learning_agent - INFO - Selected strategy: InterventionType.ABLATION on layer 0
2025-07-09 15:17:22,447 - src.active_inference.strategy_learning_agent - INFO - Updated strategy beliefs from intervention
2025-07-09 15:17:22,447 - src.active_inference.strategy_learning_agent - WARNING - Feature confidence calculation failed: matmul: Input operand 0 does not have enough dimensions (has 0, gufunc core with signature (n?,k),(k,m?)->(n?,m?) requires 1)
2025-07-09 15:17:22,447 - src.core.metrics - INFO - Calculating correspondence metrics with proper bounds
2025-07-09 15:17:22,462 - src.core.metrics - WARNING - Zero variance in belief_updating data
2025-07-09 15:17:22,463 - src.core.metrics - WARNING - Zero variance in precision_weighting data
2025-07-09 15:17:22,463 - src.core.metrics - WARNING - Zero variance in prediction_error data
2025-07-09 15:17:22,463 - __main__ - ERROR - ❌ Experiment failed: prediction_type must be one of ['attention_pattern', 'feature_interaction', 'failure_mode']
2025-07-09 15:17:22,463 - __main__ - ERROR - Experiment failed: prediction_type must be one of ['attention_pattern', 'feature_interaction', 'failure_mode']
