2025-07-09 14:03:29,007 - src.visualization.visualizer - INFO - Enhanced CircuitVisualizer initialized: visualizations
2025-07-09 14:03:29,007 - __main__ - INFO - Initialized ComprehensiveExperimentRunner: comprehensive_exp_20250709_140329
2025-07-09 14:03:29,007 - __main__ - INFO - Model: google/gemma-2-2b, Transcoders: gemma
2025-07-09 14:03:29,007 - __main__ - INFO - Output directory: results/results_20250709_140329
2025-07-09 14:03:29,007 - __main__ - INFO - 🚀 Starting comprehensive experiment: comprehensive_exp_20250709_140329
2025-07-09 14:03:29,007 - __main__ - INFO - 🕐 Start time: 2025-07-09 14:03:29.007697
2025-07-09 14:03:29,007 - __main__ - INFO - ============================================================
2025-07-09 14:03:29,007 - __main__ - INFO - PHASE 1: MODEL INITIALIZATION AND VALIDATION
2025-07-09 14:03:29,007 - __main__ - INFO - ============================================================
2025-07-09 14:03:29,007 - __main__ - INFO - 🔧 Initializing models and components...
2025-07-09 14:03:29,856 - circuit_tracer.utils.hf_utils - INFO - Performing pre-flight metadata check...
2025-07-09 14:03:29,942 - circuit_tracer.utils.hf_utils - INFO - Pre-flight check complete. Starting downloads...
2025-07-09 14:04:08,772 - __main__ - INFO - ✅ Model inference test passed: logits shape torch.Size([1, 3, 256000]), activations shape torch.Size([26, 3, 16384])
2025-07-09 14:04:08,772 - src.active_inference.proper_agent - INFO - State space: [64, 4, 3], Observation space: [5, 3]
2025-07-09 14:04:08,781 - src.active_inference.proper_agent - INFO - Generative model created with proper A, B, C, D matrices
2025-07-09 14:04:08,783 - src.active_inference.proper_agent - INFO - Real pymdp Agent initialized with 9 policies
2025-07-09 14:04:08,783 - src.active_inference.proper_agent - INFO - ProperActiveInferenceAgent initialized with 9 policies
2025-07-09 14:04:08,783 - __main__ - INFO - ✅ ProperActiveInferenceAgent initialized with real pymdp
2025-07-09 14:04:08,783 - __main__ - INFO - 🎯 All components initialized successfully
2025-07-09 14:04:08,783 - __main__ - INFO - ============================================================
2025-07-09 14:04:08,783 - __main__ - INFO - PHASE 2: GOLDEN GATE BRIDGE SEMANTIC DISCOVERY
2025-07-09 14:04:08,783 - __main__ - INFO - ============================================================
2025-07-09 14:04:08,783 - __main__ - INFO - 🌉 Testing Golden Gate Bridge → San Francisco semantic discovery...
2025-07-09 14:04:08,783 - __main__ - INFO - Testing prompt 1/5: 'The Golden Gate Bridge is located in'
2025-07-09 14:04:08,921 - __main__ - INFO - ✅ Semantic discovery successful: San
2025-07-09 14:04:08,921 - __main__ - INFO - Testing prompt 2/5: 'San Francisco's most famous landmark is the'
2025-07-09 14:04:09,013 - __main__ - INFO - ❌ Semantic discovery failed
2025-07-09 14:04:09,013 - __main__ - INFO - Testing prompt 3/5: 'The iconic red bridge connecting San Francisco to Marin County is the'
2025-07-09 14:04:09,098 - __main__ - INFO - ❌ Semantic discovery failed
2025-07-09 14:04:09,098 - __main__ - INFO - Testing prompt 4/5: 'Visitors to the Golden Gate Bridge are in'
2025-07-09 14:04:09,180 - __main__ - INFO - ❌ Semantic discovery failed
2025-07-09 14:04:09,181 - __main__ - INFO - Testing prompt 5/5: 'The city famous for the Golden Gate Bridge is'
2025-07-09 14:04:09,257 - __main__ - INFO - ❌ Semantic discovery failed
2025-07-09 14:04:09,257 - __main__ - INFO - 🌉 Golden Gate results: 1/5 successful
2025-07-09 14:04:09,257 - __main__ - INFO - 🌉 Success rate: 20.0%
2025-07-09 14:04:09,257 - __main__ - INFO - 🌉 Average confidence: 0.128
2025-07-09 14:04:09,257 - __main__ - INFO - ============================================================
2025-07-09 14:04:09,257 - __main__ - INFO - PHASE 3: COMPREHENSIVE CIRCUIT DISCOVERY
2025-07-09 14:04:09,257 - __main__ - INFO - ============================================================
2025-07-09 14:04:09,257 - __main__ - INFO - 🔍 Running comprehensive circuit discovery...
2025-07-09 14:04:10,106 - circuit_tracer.utils.hf_utils - INFO - Performing pre-flight metadata check...
2025-07-09 14:04:10,179 - circuit_tracer.utils.hf_utils - INFO - Pre-flight check complete. Starting downloads...
2025-07-09 14:04:30,022 - src.active_inference.proper_agent - INFO - State space: [64, 4, 3], Observation space: [5, 3]
2025-07-09 14:04:30,032 - src.active_inference.proper_agent - INFO - Generative model created with proper A, B, C, D matrices
2025-07-09 14:04:30,032 - src.active_inference.proper_agent - INFO - Real pymdp Agent initialized with 9 policies
2025-07-09 14:04:30,032 - src.active_inference.proper_agent - INFO - ProperActiveInferenceAgent initialized with 9 policies
2025-07-09 14:04:30,032 - src.active_inference.proper_agent - INFO - Initializing AI agent from 4949 circuit features
2025-07-09 14:04:30,133 - src.active_inference.proper_agent - INFO - Selected intervention: InterventionType.ABLATION on feature 2
2025-07-09 14:04:30,425 - src.active_inference.proper_agent - INFO - Updating beliefs from intervention on feature 2
2025-07-09 14:04:30,526 - src.active_inference.proper_agent - WARNING - Belief update failed: 'ProperActiveInferenceAgent' object has no attribute '_update_feature_beliefs'
2025-07-09 14:04:30,626 - src.active_inference.proper_agent - INFO - Selected intervention: InterventionType.ABLATION on feature 2
2025-07-09 14:04:30,883 - src.active_inference.proper_agent - INFO - Updating beliefs from intervention on feature 2
2025-07-09 14:04:30,983 - src.active_inference.proper_agent - WARNING - Belief update failed: 'ProperActiveInferenceAgent' object has no attribute '_update_feature_beliefs'
2025-07-09 14:04:31,082 - src.active_inference.proper_agent - INFO - Selected intervention: InterventionType.ABLATION on feature 2
2025-07-09 14:04:31,321 - src.active_inference.proper_agent - INFO - Updating beliefs from intervention on feature 2
2025-07-09 14:04:31,421 - src.active_inference.proper_agent - WARNING - Belief update failed: 'ProperActiveInferenceAgent' object has no attribute '_update_feature_beliefs'
2025-07-09 14:04:31,521 - src.active_inference.proper_agent - INFO - Selected intervention: InterventionType.ABLATION on feature 2
2025-07-09 14:04:31,753 - src.active_inference.proper_agent - INFO - Updating beliefs from intervention on feature 2
2025-07-09 14:04:31,850 - src.active_inference.proper_agent - WARNING - Belief update failed: 'ProperActiveInferenceAgent' object has no attribute '_update_feature_beliefs'
2025-07-09 14:04:31,946 - src.active_inference.proper_agent - INFO - Selected intervention: InterventionType.ABLATION on feature 2
2025-07-09 14:04:32,180 - src.active_inference.proper_agent - INFO - Updating beliefs from intervention on feature 2
2025-07-09 14:04:32,279 - src.active_inference.proper_agent - WARNING - Belief update failed: 'ProperActiveInferenceAgent' object has no attribute '_update_feature_beliefs'
2025-07-09 14:04:32,377 - src.active_inference.proper_agent - INFO - Selected intervention: InterventionType.ABLATION on feature 2
2025-07-09 14:04:32,609 - src.active_inference.proper_agent - INFO - Updating beliefs from intervention on feature 2
2025-07-09 14:04:32,708 - src.active_inference.proper_agent - WARNING - Belief update failed: 'ProperActiveInferenceAgent' object has no attribute '_update_feature_beliefs'
2025-07-09 14:04:32,805 - src.active_inference.proper_agent - INFO - Selected intervention: InterventionType.ABLATION on feature 2
2025-07-09 14:04:33,036 - src.active_inference.proper_agent - INFO - Updating beliefs from intervention on feature 2
2025-07-09 14:04:33,133 - src.active_inference.proper_agent - WARNING - Belief update failed: 'ProperActiveInferenceAgent' object has no attribute '_update_feature_beliefs'
2025-07-09 14:04:33,232 - src.active_inference.proper_agent - INFO - Selected intervention: InterventionType.ABLATION on feature 2
2025-07-09 14:04:33,467 - src.active_inference.proper_agent - INFO - Updating beliefs from intervention on feature 2
2025-07-09 14:04:33,566 - src.active_inference.proper_agent - WARNING - Belief update failed: 'ProperActiveInferenceAgent' object has no attribute '_update_feature_beliefs'
2025-07-09 14:04:33,665 - src.active_inference.proper_agent - INFO - Selected intervention: InterventionType.ABLATION on feature 2
2025-07-09 14:04:33,908 - src.active_inference.proper_agent - INFO - Updating beliefs from intervention on feature 2
2025-07-09 14:04:34,005 - src.active_inference.proper_agent - WARNING - Belief update failed: 'ProperActiveInferenceAgent' object has no attribute '_update_feature_beliefs'
2025-07-09 14:04:34,103 - src.active_inference.proper_agent - INFO - Selected intervention: InterventionType.ABLATION on feature 2
2025-07-09 14:04:34,342 - src.active_inference.proper_agent - INFO - Updating beliefs from intervention on feature 2
2025-07-09 14:04:34,440 - src.active_inference.proper_agent - WARNING - Belief update failed: 'ProperActiveInferenceAgent' object has no attribute '_update_feature_beliefs'
2025-07-09 14:04:34,537 - src.active_inference.proper_agent - INFO - Selected intervention: InterventionType.ABLATION on feature 2
2025-07-09 14:04:34,770 - src.active_inference.proper_agent - INFO - Updating beliefs from intervention on feature 2
2025-07-09 14:04:34,868 - src.active_inference.proper_agent - WARNING - Belief update failed: 'ProperActiveInferenceAgent' object has no attribute '_update_feature_beliefs'
2025-07-09 14:04:34,868 - src.core.metrics - INFO - Calculating correspondence metrics with proper bounds
2025-07-09 14:04:34,901 - src.core.metrics - WARNING - Empty data for belief_updating correspondence
2025-07-09 14:04:34,901 - src.core.metrics - WARNING - Zero variance in precision_weighting data
2025-07-09 14:04:34,901 - src.core.metrics - WARNING - Empty data for prediction_error correspondence
2025-07-09 14:04:34,903 - __main__ - INFO - 🔍 Circuit discovery completed:
2025-07-09 14:04:34,903 - __main__ - INFO -    Features discovered: 4949
2025-07-09 14:04:34,903 - __main__ - INFO -    Interventions performed: 11
2025-07-09 14:04:34,903 - __main__ - INFO -    Convergence achieved: True
2025-07-09 14:04:34,903 - __main__ - INFO - ============================================================
2025-07-09 14:04:34,903 - __main__ - INFO - PHASE 4: ACTIVE INFERENCE ANALYSIS
2025-07-09 14:04:34,903 - __main__ - INFO - ============================================================
2025-07-09 14:04:34,903 - __main__ - INFO - 🧠 Analyzing Active Inference behavior...
2025-07-09 14:04:34,903 - __main__ - INFO - 🧠 Active Inference analysis completed
2025-07-09 14:04:34,903 - __main__ - INFO - ============================================================
2025-07-09 14:04:34,903 - __main__ - INFO - PHASE 5: RESEARCH QUESTION VALIDATION
2025-07-09 14:04:34,903 - __main__ - INFO - ============================================================
2025-07-09 14:04:34,903 - __main__ - INFO - 📊 Validating RQ1: AI-Circuit correspondence...
2025-07-09 14:04:34,903 - src.core.metrics - WARNING - Zero variance in belief_updating data
2025-07-09 14:04:34,903 - src.core.metrics - WARNING - Zero variance in precision_weighting data
2025-07-09 14:04:34,920 - src.core.metrics - WARNING - Zero variance in prediction_error data
2025-07-09 14:04:34,920 - src.core.statistical_validation - INFO - Testing correspondence significance against 70.0% threshold
2025-07-09 14:04:34,924 - src.core.statistical_validation - INFO - Correspondence test: Correspondence (0.0%) does not significantly exceed 70.0% threshold (p=nan, d=nan)
2025-07-09 14:04:34,924 - __main__ - INFO - 📊 RQ1 Results: 0.0% (FAILED)
2025-07-09 14:04:34,924 - __main__ - INFO - ⚡ Validating RQ2: Intervention efficiency...
2025-07-09 14:04:34,924 - __main__ - INFO - ⚡ RQ2 Results: 20.0% improvement (FAILED)
2025-07-09 14:04:34,924 - __main__ - INFO - 🔮 Validating RQ3: Novel prediction generation...
2025-07-09 14:04:34,924 - src.active_inference.proper_agent - INFO - Generating predictions from learned model
2025-07-09 14:04:34,925 - src.active_inference.proper_agent - INFO - Generated 0 predictions
2025-07-09 14:04:34,925 - src.core.prediction_system - INFO - Generating enhanced circuit predictions for RQ3 validation
2025-07-09 14:04:34,925 - src.core.prediction_system - WARNING - Error in FeatureInteractionPredictor: NovelPrediction.__init__() missing 1 required positional argument: 'expected_outcome'
2025-07-09 14:04:34,926 - src.core.prediction_system - INFO - Generated 4 total predictions with average confidence 0.664
2025-07-09 14:04:34,926 - __main__ - INFO - 🔮 RQ3 Results: 2 predictions (FAILED)
2025-07-09 14:04:34,926 - __main__ - INFO - ============================================================
2025-07-09 14:04:34,926 - __main__ - INFO - PHASE 6: STATISTICAL VALIDATION
2025-07-09 14:04:34,926 - __main__ - INFO - ============================================================
2025-07-09 14:04:34,926 - __main__ - INFO - 📈 Running statistical validation...
2025-07-09 14:04:34,926 - __main__ - INFO - 📈 Statistical validation completed
2025-07-09 14:04:34,926 - __main__ - INFO - ============================================================
2025-07-09 14:04:34,926 - __main__ - INFO - PHASE 7: CIRCUIT ANALYSIS AND VISUALIZATION
2025-07-09 14:04:34,926 - __main__ - INFO - ============================================================
2025-07-09 14:04:34,926 - __main__ - INFO - 🔗 Analyzing circuit structure...
2025-07-09 14:19:37,445 - __main__ - INFO - 🔗 Circuit analysis completed: 4949 nodes, 1362941 edges
2025-07-09 14:19:37,445 - __main__ - INFO - 📊 Generating comprehensive visualizations...
2025-07-09 14:21:55,015 - __main__ - ERROR - Error generating visualizations: 'InterventionResult' object has no attribute 'success'
2025-07-09 14:21:55,015 - __main__ - INFO - 📊 Generated 3 visualization files
2025-07-09 14:21:55,016 - __main__ - INFO - 💾 Saving comprehensive results...
2025-07-09 14:22:22,134 - __main__ - INFO - 💾 Results saved to results/results_20250709_140329
